\BOOKMARK [1][-]{section.0.1}{Introduction}{}% 1
\BOOKMARK [2][-]{subsection.0.1.1}{Purpose}{section.0.1}% 2
\BOOKMARK [2][-]{subsection.0.1.2}{Document Conventions}{section.0.1}% 3
\BOOKMARK [2][-]{subsection.0.1.3}{Intended Audience and Reading Suggestions}{section.0.1}% 4
\BOOKMARK [2][-]{subsection.0.1.4}{Project Scope}{section.0.1}% 5
\BOOKMARK [2][-]{subsection.0.1.5}{References}{section.0.1}% 6
\BOOKMARK [1][-]{section.0.2}{Overall Description}{}% 7
\BOOKMARK [2][-]{subsection.0.2.1}{Product Perspective}{section.0.2}% 8
\BOOKMARK [2][-]{subsection.0.2.2}{Product Functions}{section.0.2}% 9
\BOOKMARK [2][-]{subsection.0.2.3}{User Classes and Characteristics}{section.0.2}% 10
\BOOKMARK [2][-]{subsection.0.2.4}{Operating Environment}{section.0.2}% 11
\BOOKMARK [2][-]{subsection.0.2.5}{Design and Implementation Constraints}{section.0.2}% 12
\BOOKMARK [2][-]{subsection.0.2.6}{User Documentation}{section.0.2}% 13
\BOOKMARK [2][-]{subsection.0.2.7}{Assumptions and Dependencies}{section.0.2}% 14
\BOOKMARK [1][-]{section.0.3}{External Interface Requirements}{}% 15
\BOOKMARK [2][-]{subsection.0.3.1}{User Interfaces}{section.0.3}% 16
\BOOKMARK [2][-]{subsection.0.3.2}{Hardware Interfaces}{section.0.3}% 17
\BOOKMARK [2][-]{subsection.0.3.3}{Software Interfaces}{section.0.3}% 18
\BOOKMARK [2][-]{subsection.0.3.4}{Communications Interfaces}{section.0.3}% 19
\BOOKMARK [1][-]{section.0.4}{System Features}{}% 20
\BOOKMARK [2][-]{subsection.0.4.1}{System Feature 1}{section.0.4}% 21
\BOOKMARK [2][-]{subsection.0.4.2}{System Feature 2 \(and so on\)}{section.0.4}% 22
\BOOKMARK [1][-]{section.0.5}{Other Nonfunctional Requirements}{}% 23
\BOOKMARK [2][-]{subsection.0.5.1}{Performance Requirements}{section.0.5}% 24
\BOOKMARK [2][-]{subsection.0.5.2}{Safety Requirements}{section.0.5}% 25
\BOOKMARK [2][-]{subsection.0.5.3}{Security Requirements}{section.0.5}% 26
\BOOKMARK [2][-]{subsection.0.5.4}{Software Quality Attributes}{section.0.5}% 27
\BOOKMARK [2][-]{subsection.0.5.5}{Business Rules}{section.0.5}% 28
\BOOKMARK [1][-]{section.0.6}{Other Requirements}{}% 29
\BOOKMARK [2][-]{subsection.0.6.1}{Appendix A: Glossary}{section.0.6}% 30
\BOOKMARK [2][-]{subsection.0.6.2}{Appendix B: Analysis Models}{section.0.6}% 31
\BOOKMARK [2][-]{subsection.0.6.3}{Appendix C: To Be Determined List}{section.0.6}% 32
